#
# There is insufficient memory for the Java Runtime Environment to continue.
# Native memory allocation (mmap) failed to map 167772160 bytes for G1 virtual space
# Possible reasons:
#   The system is out of physical RAM or swap space
#   The process is running with CompressedOops enabled, and the Java Heap may be blocking the growth of the native heap
# Possible solutions:
#   Reduce memory load on the system
#   Increase physical memory or swap space
#   Check if swap backing store is full
#   Decrease Java heap size (-Xmx/-Xms)
#   Decrease number of Java threads
#   Decrease Java thread stack sizes (-Xss)
#   Set larger code cache with -XX:ReservedCodeCacheSize=
#   JVM is running with Zero Based Compressed Oops mode in which the Java heap is
#     placed in the first 32GB address space. The Java Heap base address is the
#     maximum limit for the native heap growth. Please use -XX:HeapBaseMinAddress
#     to set the Java Heap base and to place the Java Heap above 32GB virtual address.
# This output file may be truncated or incomplete.
#
#  Out of Memory Error (os_windows.cpp:3528), pid=9184, tid=22428
#
# JRE version:  (20.0+36) (build )
# Java VM: OpenJDK 64-Bit Server VM (20+36-2344, mixed mode, sharing, tiered, compressed oops, compressed class ptrs, g1 gc, windows-amd64)
# No core dump will be written. Minidumps are not enabled by default on client versions of Windows
#

---------------  S U M M A R Y ------------

Command Line: -Dfile.encoding=UTF-8 -Dstdout.encoding=UTF-8 -Dstderr.encoding=UTF-8 --module-path=C:\Users\Lenovo\git\Proyecto1\P1_RentaVehiculos\bin -XX:+ShowCodeDetailsInExceptionMessages -Djdk.module.main=P1_RentaVehiculos P1_RentaVehiculos/consola.Aplicacion

Host: AMD Ryzen 5 3500U with Radeon Vega Mobile Gfx  , 8 cores, 9G,  Windows 11 , 64 bit Build 22621 (10.0.22621.2428)
Time: Sun Oct 22 11:52:55 2023 Hora est. Pacífico, Sudamérica elapsed time: 0.018693 seconds (0d 0h 0m 0s)

---------------  T H R E A D  ---------------

Current thread (0x00000167d2286a40):  JavaThread "Unknown thread" [_thread_in_vm, id=22428, stack(0x000000195d700000,0x000000195d800000)]

Stack: [0x000000195d700000,0x000000195d800000]
Native frames: (J=compiled Java code, j=interpreted, Vv=VM code, C=native code)
V  [jvm.dll+0x6bb95a]
V  [jvm.dll+0x8483aa]
V  [jvm.dll+0x849fa5]
V  [jvm.dll+0x84a6a3]
V  [jvm.dll+0x280b0f]
V  [jvm.dll+0x6b86e9]
V  [jvm.dll+0x6ad2da]
V  [jvm.dll+0x35adf5]
V  [jvm.dll+0x363016]
V  [jvm.dll+0x3b3b3e]
V  [jvm.dll+0x3b3dc5]
V  [jvm.dll+0x32b50a]
V  [jvm.dll+0x32c32b]
V  [jvm.dll+0x81106f]
V  [jvm.dll+0x3c0d91]
V  [jvm.dll+0x7fcd93]
V  [jvm.dll+0x44c76f]
V  [jvm.dll+0x44e0e1]
C  [jli.dll+0x5287]
C  [ucrtbase.dll+0x29363]
C  [KERNEL32.DLL+0x1257d]
C  [ntdll.dll+0x5aa78]


---------------  P R O C E S S  ---------------

Threads class SMR info:
_java_thread_list=0x00007ff8476aa098, length=0, elements={
}

Java Threads: ( => current thread )

Other Threads:
  0x00000167d22dc1d0 WorkerThread "GC Thread#0" [stack: 0x000000195d800000,0x000000195d900000] [id=8184]
  0x00000167d22e6f70 ConcurrentGCThread "G1 Main Marker" [stack: 0x000000195d900000,0x000000195da00000] [id=16152]
  0x00000167d22e82e0 WorkerThread "G1 Conc#0" [stack: 0x000000195da00000,0x000000195db00000] [id=29208]

[error occurred during error reporting (printing all threads), id 0xc0000005, EXCEPTION_ACCESS_VIOLATION (0xc0000005) at pc=0x00007ff846e8eb47]
VM state: not at safepoint (not fully initialized)

VM Mutex/Monitor currently owned by a thread:  ([mutex/lock_event])
[0x00000167d22832b0] Heap_lock - owner thread: 0x00000167d2286a40

Heap address: 0x0000000761e00000, size: 2530 MB, Compressed Oops mode: Zero based, Oop shift amount: 3

CDS archive(s) mapped at: [0x0000000000000000-0x0000000000000000-0x0000000000000000), size 0, SharedBaseAddress: 0x0000000800000000, ArchiveRelocationMode: 0.
Narrow klass base: 0x0000000000000000, Narrow klass shift: 0, Narrow klass range: 0x0

GC Precious Log:
 CardTable entry size: 512
 Card Set container configuration: InlinePtr #cards 4 size 8 Array Of Cards #cards 16 size 48 Howl #buckets 8 coarsen threshold 3686 Howl Bitmap #cards 512 size 80 coarsen threshold 460 Card regions per heap region 1 cards per card region 4096

Heap:
 garbage-first heap   total 0K, used 0K [0x0000000761e00000, 0x0000000800000000)
  region size 2048K, 0 young (0K), 0 survivors (0K)

[error occurred during error reporting (printing heap information), id 0xc0000005, EXCEPTION_ACCESS_VIOLATION (0xc0000005) at pc=0x00007ff847263c59]
GC Heap History (0 events):
No events

Dll operation events (1 events):
Event: 0.012 Loaded shared library C:\Users\Lenovo\Downloads\openjdk-20_windows-x64_bin\jdk-20\bin\java.dll

Deoptimization events (0 events):
No events

Classes loaded (0 events):
No events

Classes unloaded (0 events):
No events

Classes redefined (0 events):
No events

Internal exceptions (0 events):
No events

VM Operations (0 events):
No events

Events (0 events):
No events


Dynamic libraries:
0x00007ff71c340000 - 0x00007ff71c34e000 	C:\Users\Lenovo\Downloads\openjdk-20_windows-x64_bin\jdk-20\bin\javaw.exe
0x00007ff88fbb0000 - 0x00007ff88fdc7000 	C:\WINDOWS\SYSTEM32\ntdll.dll
0x00007ff88eab0000 - 0x00007ff88eb74000 	C:\WINDOWS\System32\KERNEL32.DLL
0x00007ff88d560000 - 0x00007ff88d906000 	C:\WINDOWS\System32\KERNELBASE.dll
0x00007ff88d440000 - 0x00007ff88d551000 	C:\WINDOWS\System32\ucrtbase.dll
0x00007ff87da70000 - 0x00007ff87da8b000 	C:\Users\Lenovo\Downloads\openjdk-20_windows-x64_bin\jdk-20\bin\VCRUNTIME140.dll
0x00007ff87d530000 - 0x00007ff87d547000 	C:\Users\Lenovo\Downloads\openjdk-20_windows-x64_bin\jdk-20\bin\jli.dll
0x00007ff88f160000 - 0x00007ff88f30d000 	C:\WINDOWS\System32\USER32.dll
0x00007ff8790f0000 - 0x00007ff879383000 	C:\WINDOWS\WinSxS\amd64_microsoft.windows.common-controls_6595b64144ccf1df_6.0.22621.2361_none_2712ced57382f843\COMCTL32.dll
0x00007ff88cf30000 - 0x00007ff88cf56000 	C:\WINDOWS\System32\win32u.dll
0x00007ff88e600000 - 0x00007ff88e6a7000 	C:\WINDOWS\System32\msvcrt.dll
0x00007ff88e030000 - 0x00007ff88e059000 	C:\WINDOWS\System32\GDI32.dll
0x00007ff88d0d0000 - 0x00007ff88d1e8000 	C:\WINDOWS\System32\gdi32full.dll
0x00007ff88d1f0000 - 0x00007ff88d28a000 	C:\WINDOWS\System32\msvcp_win.dll
0x00007ff88e230000 - 0x00007ff88e261000 	C:\WINDOWS\System32\IMM32.DLL
0x00007ff8867d0000 - 0x00007ff8867dc000 	C:\Users\Lenovo\Downloads\openjdk-20_windows-x64_bin\jdk-20\bin\vcruntime140_1.dll
0x00007ff87c7f0000 - 0x00007ff87c87e000 	C:\Users\Lenovo\Downloads\openjdk-20_windows-x64_bin\jdk-20\bin\msvcp140.dll
0x00007ff846b50000 - 0x00007ff8477e7000 	C:\Users\Lenovo\Downloads\openjdk-20_windows-x64_bin\jdk-20\bin\server\jvm.dll
0x00007ff88efa0000 - 0x00007ff88f050000 	C:\WINDOWS\System32\ADVAPI32.dll
0x00007ff88e6b0000 - 0x00007ff88e756000 	C:\WINDOWS\System32\sechost.dll
0x00007ff88dde0000 - 0x00007ff88def7000 	C:\WINDOWS\System32\RPCRT4.dll
0x00007ff886010000 - 0x00007ff88601a000 	C:\WINDOWS\SYSTEM32\VERSION.dll
0x00007ff8867c0000 - 0x00007ff8867c9000 	C:\WINDOWS\SYSTEM32\WSOCK32.dll
0x00007ff8844e0000 - 0x00007ff884514000 	C:\WINDOWS\SYSTEM32\WINMM.dll
0x00007ff88e790000 - 0x00007ff88e801000 	C:\WINDOWS\System32\WS2_32.dll
0x00007ff88bfe0000 - 0x00007ff88bff8000 	C:\WINDOWS\SYSTEM32\kernel.appcore.dll
0x00007ff87f2e0000 - 0x00007ff87f2ea000 	C:\Users\Lenovo\Downloads\openjdk-20_windows-x64_bin\jdk-20\bin\jimage.dll
0x00007ff88a950000 - 0x00007ff88ab7e000 	C:\WINDOWS\SYSTEM32\DBGHELP.DLL
0x00007ff88e270000 - 0x00007ff88e5fa000 	C:\WINDOWS\System32\combase.dll
0x00007ff88e810000 - 0x00007ff88e8e7000 	C:\WINDOWS\System32\OLEAUT32.dll
0x00007ff878c50000 - 0x00007ff878c82000 	C:\WINDOWS\SYSTEM32\dbgcore.DLL
0x00007ff88d3c0000 - 0x00007ff88d43a000 	C:\WINDOWS\System32\bcryptPrimitives.dll
0x00007ff87d480000 - 0x00007ff87d4a6000 	C:\Users\Lenovo\Downloads\openjdk-20_windows-x64_bin\jdk-20\bin\java.dll

dbghelp: loaded successfully - version: 4.0.5 - missing functions: none
symbol engine: initialized successfully - sym options: 0x614 - pdb path: .;C:\Users\Lenovo\Downloads\openjdk-20_windows-x64_bin\jdk-20\bin;C:\WINDOWS\SYSTEM32;C:\WINDOWS\WinSxS\amd64_microsoft.windows.common-controls_6595b64144ccf1df_6.0.22621.2361_none_2712ced57382f843;C:\Users\Lenovo\Downloads\openjdk-20_windows-x64_bin\jdk-20\bin\server

VM Arguments:
jvm_args: -Dfile.encoding=UTF-8 -Dstdout.encoding=UTF-8 -Dstderr.encoding=UTF-8 --module-path=C:\Users\Lenovo\git\Proyecto1\P1_RentaVehiculos\bin -XX:+ShowCodeDetailsInExceptionMessages -Djdk.module.main=P1_RentaVehiculos 
java_command: P1_RentaVehiculos/consola.Aplicacion
java_class_path (initial): <not set>
Launcher Type: SUN_STANDARD

[Global flags]
     intx CICompilerCount                          = 4                                         {product} {ergonomic}
     uint ConcGCThreads                            = 2                                         {product} {ergonomic}
     uint G1ConcRefinementThreads                  = 8                                         {product} {ergonomic}
   size_t G1HeapRegionSize                         = 2097152                                   {product} {ergonomic}
    uintx GCDrainStackTargetSize                   = 64                                        {product} {ergonomic}
   size_t InitialHeapSize                          = 167772160                                 {product} {ergonomic}
   size_t MarkStackSize                            = 4194304                                   {product} {ergonomic}
   size_t MaxHeapSize                              = 2652897280                                {product} {ergonomic}
   size_t MinHeapDeltaBytes                        = 2097152                                   {product} {ergonomic}
   size_t MinHeapSize                              = 8388608                                   {product} {ergonomic}
    uintx NonNMethodCodeHeapSize                   = 5839372                                {pd product} {ergonomic}
    uintx NonProfiledCodeHeapSize                  = 122909434                              {pd product} {ergonomic}
     bool PerfDisableSharedMem                     = true                                      {product} {ergonomic}
    uintx ProfiledCodeHeapSize                     = 122909434                              {pd product} {ergonomic}
    uintx ReservedCodeCacheSize                    = 251658240                              {pd product} {ergonomic}
     bool SegmentedCodeCache                       = true                                      {product} {ergonomic}
     bool ShowCodeDetailsInExceptionMessages       = true                                   {manageable} {command line}
   size_t SoftMaxHeapSize                          = 2652897280                             {manageable} {ergonomic}
     bool UseCompressedClassPointers               = true                           {product lp64_product} {ergonomic}
     bool UseCompressedOops                        = true                           {product lp64_product} {ergonomic}
     bool UseG1GC                                  = true                                      {product} {ergonomic}
     bool UseLargePagesIndividualAllocation        = false                                  {pd product} {ergonomic}

Logging:
Log output configuration:
 #0: stdout all=warning uptime,level,tags foldmultilines=false
 #1: stderr all=off uptime,level,tags foldmultilines=false

Environment Variables:
PATH=C:/Users/Lenovo/.p2/pool/plugins/org.eclipse.justj.openjdk.hotspot.jre.full.win32.x86_64_17.0.8.v20230831-1047/jre/bin/server;C:/Users/Lenovo/.p2/pool/plugins/org.eclipse.justj.openjdk.hotspot.jre.full.win32.x86_64_17.0.8.v20230831-1047/jre/bin;C:\Program Files (x86)\Common Files\Oracle\Java\javapath;C:\Program Files (x86)\Razer Chroma SDK\bin;C:\Program Files\Razer Chroma SDK\bin;C:\Program Files (x86)\Razer\ChromaBroadcast\bin;C:\Program Files\Razer\ChromaBroadcast\bin;C:\WINDOWS\system32;C:\WINDOWS;C:\WINDOWS\System32\Wbem;C:\WINDOWS\System32\WindowsPowerShell\v1.0\;C:\WINDOWS\System32\OpenSSH\;C:\Program Files\nodejs\;C:\Program Files\Git\cmd;C:\WINDOWS\system32\config\systemprofile\AppData\Local\Microsoft\WindowsApps;C:\Users\Lenovo\AppData\Local\Programs\Python\Python311\Scripts\;C:\Users\Lenovo\AppData\Local\Programs\Python\Python311\;C:\Users\Lenovo\AppData\Local\Microsoft\WindowsApps;C:\Users\Lenovo\AppData\Local\Programs\Microsoft VS Code\bin;C:\Users\Lenovo\AppData\Roaming\npm;C:\Users\Lenovo\AppData\Local\Programs\Python\Python311\;C:\Users\Lenovo\AppData\Local\Microsoft\WindowsApps;C:\Users\Lenovo\AppData\Local\Programs\Microsoft VS Code\bin;C:\Users\Lenovo\AppData\Roaming\npm;;C:\WINDOWS\System32;
USERNAME=Lenovo
OS=Windows_NT
PROCESSOR_IDENTIFIER=AMD64 Family 23 Model 24 Stepping 1, AuthenticAMD
TMP=C:\Users\Lenovo\AppData\Local\Temp
TEMP=C:\Users\Lenovo\AppData\Local\Temp




---------------  S Y S T E M  ---------------

OS:
 Windows 11 , 64 bit Build 22621 (10.0.22621.2428)
OS uptime: 5 days 16:32 hours

CPU: total 8 (initial active 8) (8 cores per cpu, 2 threads per core) family 23 model 24 stepping 1 microcode 0x0, cx8, cmov, fxsr, ht, mmx, 3dnowpref, sse, sse2, sse3, ssse3, sse4a, sse4.1, sse4.2, popcnt, lzcnt, tsc, tscinvbit, avx, avx2, aes, clmul, bmi1, bmi2, adx, sha, fma, vzeroupper, clflush, clflushopt, rdtscp, f16c

Memory: 4k page, system-wide physical 10116M (3307M free)
TotalPageFile size 12804M (AvailPageFile size 79M)
current process WorkingSet (physical memory assigned to process): 11M, peak: 11M
current process commit charge ("private bytes"): 60M, peak: 220M

vm_info: OpenJDK 64-Bit Server VM (20+36-2344) for windows-amd64 JRE (20+36-2344), built on 2023-02-10T19:30:15Z by "mach5one" with MS VC++ 17.1 (VS2022)

END.
